2016/07/13 10:28:34 INFO  - jmeter.util.JMeterUtils: Setting Locale to en_US 
2016/07/13 10:28:34 INFO  - jmeter.JMeter: Loading user properties from: /Users/c2288394/development/utilities/apache-jmeter-3.0/bin/user.properties 
2016/07/13 10:28:34 INFO  - jmeter.JMeter: Loading system properties from: /Users/c2288394/development/utilities/apache-jmeter-3.0/bin/system.properties 
2016/07/13 10:28:34 INFO  - jmeter.JMeter: Setting JMeter property: key=m6tJNtX6cv9AiMLPc1uqaASaR4GO07TR 
2016/07/13 10:28:34 INFO  - jmeter.JMeter: Setting JMeter property: secret_key=oACSl74lN9PBHwaw 
2016/07/13 10:28:34 INFO  - jmeter.JMeter: Setting JMeter property: session_endpoint=api-stage.marksandspencer.com/v1/userprofile/guestsession? 
2016/07/13 10:28:34 INFO  - jmeter.JMeter: Setting JMeter property: basket_endpoint=api-stage.marksandspencer.com/basket/v2? 
2016/07/13 10:28:34 INFO  - jmeter.JMeter: Copyright (c) 1998-2016 The Apache Software Foundation 
2016/07/13 10:28:34 INFO  - jmeter.JMeter: Version 3.0 r1743807 
2016/07/13 10:28:34 INFO  - jmeter.JMeter: java.version=1.8.0_92 
2016/07/13 10:28:34 INFO  - jmeter.JMeter: java.vm.name=Java HotSpot(TM) 64-Bit Server VM 
2016/07/13 10:28:34 INFO  - jmeter.JMeter: os.name=Mac OS X 
2016/07/13 10:28:34 INFO  - jmeter.JMeter: os.arch=x86_64 
2016/07/13 10:28:34 INFO  - jmeter.JMeter: os.version=10.11.4 
2016/07/13 10:28:34 INFO  - jmeter.JMeter: file.encoding=UTF-8 
2016/07/13 10:28:34 INFO  - jmeter.JMeter: Max memory     =514850816 
2016/07/13 10:28:34 INFO  - jmeter.JMeter: Available Processors =8 
2016/07/13 10:28:34 INFO  - jmeter.JMeter: Default Locale=English (United States) 
2016/07/13 10:28:34 INFO  - jmeter.JMeter: JMeter  Locale=English (United States) 
2016/07/13 10:28:34 INFO  - jmeter.JMeter: JMeterHome=/Users/c2288394/development/utilities/apache-jmeter-3.0 
2016/07/13 10:28:34 INFO  - jmeter.JMeter: user.dir  =/Users/c2288394/development/utilities/apache-jmeter-3.0/bin 
2016/07/13 10:28:34 INFO  - jmeter.JMeter: PWD       =/Users/c2288394/development/utilities/apache-jmeter-3.0/bin 
2016/07/13 10:28:34 INFO  - jmeter.JMeter: IP: 192.168.96.53 Name: MB648.local FullName: 192.168.96.53 
2016/07/13 10:28:34 INFO  - jmeter.services.FileServer: Default base='/Users/c2288394/development/utilities/apache-jmeter-3.0/bin' 
2016/07/13 10:28:34 INFO  - jmeter.services.FileServer: Set new base='/Users/c2288394/development/WCS DB Upgrade' 
2016/07/13 10:28:34 INFO  - jmeter.save.SaveService: Testplan (JMX) version: 2.2. Testlog (JTL) version: 2.2 
2016/07/13 10:28:34 INFO  - jmeter.save.SaveService: Using SaveService properties file encoding UTF-8 
2016/07/13 10:28:34 INFO  - jmeter.save.SaveService: Using SaveService properties version 2.9 
2016/07/13 10:28:34 INFO  - jmeter.save.SaveService: All converter versions present and correct 
2016/07/13 10:28:34 INFO  - jmeter.save.SaveService: Loading file: /Users/c2288394/development/WCS DB Upgrade/add_remove_basket.jmx 
2016/07/13 10:28:34 INFO  - jmeter.protocol.http.sampler.HTTPSamplerBase: Parser for text/html is org.apache.jmeter.protocol.http.parser.LagartoBasedHtmlParser 
2016/07/13 10:28:34 INFO  - jmeter.protocol.http.sampler.HTTPSamplerBase: Parser for application/xhtml+xml is org.apache.jmeter.protocol.http.parser.LagartoBasedHtmlParser 
2016/07/13 10:28:34 INFO  - jmeter.protocol.http.sampler.HTTPSamplerBase: Parser for application/xml is org.apache.jmeter.protocol.http.parser.LagartoBasedHtmlParser 
2016/07/13 10:28:34 INFO  - jmeter.protocol.http.sampler.HTTPSamplerBase: Parser for text/xml is org.apache.jmeter.protocol.http.parser.LagartoBasedHtmlParser 
2016/07/13 10:28:34 INFO  - jmeter.protocol.http.sampler.HTTPSamplerBase: Parser for text/vnd.wap.wml is org.apache.jmeter.protocol.http.parser.RegexpHTMLParser 
2016/07/13 10:28:34 INFO  - jmeter.protocol.http.sampler.HTTPSamplerBase: Parser for text/css is org.apache.jmeter.protocol.http.parser.CssParser 
2016/07/13 10:28:34 INFO  - jmeter.JMeter: Creating summariser <summary> 
2016/07/13 10:28:34 INFO  - jmeter.engine.StandardJMeterEngine: Running the test! 
2016/07/13 10:28:34 INFO  - jmeter.samplers.SampleEvent: List of sample_variables: [] 
2016/07/13 10:28:34 INFO  - jmeter.samplers.SampleEvent: List of sample_variables: [] 
2016/07/13 10:28:34 INFO  - jmeter.engine.util.CompoundVariable: Note: Function class names must contain the string: '.functions.' 
2016/07/13 10:28:34 INFO  - jmeter.engine.util.CompoundVariable: Note: Function class names must not contain the string: '.gui.' 
2016/07/13 10:28:34 INFO  - jmeter.JMeter: Running test (1468402114702) 
2016/07/13 10:28:34 INFO  - jmeter.engine.StandardJMeterEngine: Starting ThreadGroup: 1 : Users 
2016/07/13 10:28:34 INFO  - jmeter.engine.StandardJMeterEngine: Starting 1 threads for group Users. 
2016/07/13 10:28:34 INFO  - jmeter.engine.StandardJMeterEngine: Thread will continue on error 
2016/07/13 10:28:34 INFO  - jmeter.threads.ThreadGroup: Starting thread group number 1 threads 1 ramp-up 1 perThread 1000.0 delayedStart=false 
2016/07/13 10:28:34 INFO  - jmeter.threads.ThreadGroup: Started thread group number 1 
2016/07/13 10:28:34 INFO  - jmeter.engine.StandardJMeterEngine: All thread groups have been started 
2016/07/13 10:28:34 INFO  - jmeter.threads.JMeterThread: Thread started: Users 1-1 
2016/07/13 10:28:34 INFO  - jmeter.protocol.http.sampler.HTTPHCAbstractImpl: Local host = MB648.local 
2016/07/13 10:28:34 INFO  - jmeter.protocol.http.sampler.HTTPHC4Impl: HTTP request retry count = 0 
2016/07/13 10:28:34 INFO  - jmeter.samplers.SampleResult: Note: Sample TimeStamps are START times 
2016/07/13 10:28:34 INFO  - jmeter.samplers.SampleResult: sampleresult.default.encoding is set to ISO-8859-1 
2016/07/13 10:28:34 INFO  - jmeter.samplers.SampleResult: sampleresult.useNanoTime=true 
2016/07/13 10:28:34 INFO  - jmeter.samplers.SampleResult: sampleresult.nanoThreadSleep=5000 
2016/07/13 10:28:34 INFO  - jmeter.protocol.http.sampler.LazySchemeSocketFactory: Setting up HTTPS TrustAll Socket Factory 
2016/07/13 10:28:34 INFO  - jmeter.util.JsseSSLManager: Using default SSL protocol: TLS 
2016/07/13 10:28:34 INFO  - jmeter.util.JsseSSLManager: SSL session context: per-thread 
2016/07/13 10:28:35 INFO  - jmeter.util.SSLManager: JmeterKeyStore Location:  type JKS 
2016/07/13 10:28:35 INFO  - jmeter.util.SSLManager: KeyStore created OK 
2016/07/13 10:28:35 WARN  - jmeter.util.SSLManager: Keystore file not found, loading empty keystore 
2016/07/13 10:28:35 INFO  - jmeter.reporters.Summariser: summary +      1 in 00:00:01 =    0.8/s Avg:  1056 Min:  1056 Max:  1056 Err:     0 (0.00%) Active: 1 Started: 1 Finished: 0 
2016/07/13 10:28:40 INFO  - jmeter.threads.JMeterThread: Thread is done: Users 1-1 
2016/07/13 10:28:40 INFO  - jmeter.threads.JMeterThread: Thread finished: Users 1-1 
2016/07/13 10:28:40 INFO  - jmeter.engine.StandardJMeterEngine: Notifying test listeners of end of test 
2016/07/13 10:28:40 INFO  - jmeter.reporters.Summariser: summary +      3 in 00:00:05 =    0.6/s Avg:  1658 Min:   340 Max:  4161 Err:     0 (0.00%) Active: 0 Started: 1 Finished: 1 
2016/07/13 10:28:40 INFO  - jmeter.reporters.Summariser: summary =      4 in 00:00:06 =    0.6/s Avg:  1507 Min:   340 Max:  4161 Err:     0 (0.00%) 
